15:17:02:949  INFO 16264 --- [main] com.sky.ItemApplication                  : Starting ItemApplication using Java 11.0.6 on LAPTOP-1JKR20AL with PID 16264 (D:\homework_and_information\my javaweb project\Project of skyTakeOut\back end\sky-take-out\item-service\target\classes started by WB in D:\homework_and_information\my javaweb project\Project of skyTakeOut\back end\sky-take-out)
15:17:02:956  INFO 16264 --- [main] com.sky.ItemApplication                  : The following 1 profile is active: "-Xshare:off"
15:17:05:424  INFO 16264 --- [main] .s.d.r.c.RepositoryConfigurationDelegate : Multiple Spring Data modules found, entering strict repository configuration mode
15:17:05:426  INFO 16264 --- [main] .s.d.r.c.RepositoryConfigurationDelegate : Bootstrapping Spring Data Redis repositories in DEFAULT mode.
15:17:05:451  INFO 16264 --- [main] .s.d.r.c.RepositoryConfigurationDelegate : Finished Spring Data repository scanning in 11 ms. Found 0 Redis repository interfaces.
15:17:05:649  INFO 16264 --- [main] o.s.cloud.context.scope.GenericScope     : BeanFactory id=1f4030b3-0fa3-3183-8ae6-bc73cda01acf
15:17:06:440  INFO 16264 --- [main] o.s.b.w.embedded.tomcat.TomcatWebServer  : Tomcat initialized with port(s): 8081 (http)
15:17:06:441  INFO 16264 --- [main] o.a.catalina.core.AprLifecycleListener   : Loaded Apache Tomcat Native library [2.0.6] using APR version [1.7.4].
15:17:06:441  INFO 16264 --- [main] o.a.catalina.core.AprLifecycleListener   : APR capabilities: IPv6 [true], sendfile [true], accept filters [false], random [true], UDS [true].
15:17:06:441  INFO 16264 --- [main] o.a.catalina.core.AprLifecycleListener   : APR/OpenSSL configuration: useAprConnector [false], useOpenSSL [true]
15:17:06:464  INFO 16264 --- [main] o.a.catalina.core.AprLifecycleListener   : OpenSSL successfully initialized [OpenSSL 3.0.11 19 Sep 2023]
15:17:06:474  INFO 16264 --- [main] o.apache.catalina.core.StandardService   : Starting service [Tomcat]
15:17:06:474  INFO 16264 --- [main] org.apache.catalina.core.StandardEngine  : Starting Servlet engine: [Apache Tomcat/9.0.65]
15:17:06:642  INFO 16264 --- [main] o.a.c.c.C.[Tomcat].[localhost].[/]       : Initializing Spring embedded WebApplicationContext
15:17:06:642  INFO 16264 --- [main] w.s.c.ServletWebServerApplicationContext : Root WebApplicationContext: initialization completed in 3630 ms
15:17:06:775  INFO 16264 --- [main] c.a.d.s.b.a.DruidDataSourceAutoConfigure : Init DruidDataSource
15:17:06:896  INFO 16264 --- [main] com.alibaba.druid.pool.DruidDataSource   : {dataSource-1} inited
15:17:07:531  INFO 16264 --- [main] com.sky.config.RedisConfiguration        : 开始创建redis模板对象...
15:17:07:866  INFO 16264 --- [main] com.sky.config.WebMvcConfiguration       : 开始注册自定义拦截器...
15:17:07:948  INFO 16264 --- [main] com.sky.config.WebMvcConfiguration       : 准备生成接口文档...
15:17:07:952  INFO 16264 --- [main] com.sky.config.WebMvcConfiguration       : 准备生成接口文档...
15:17:07:980  INFO 16264 --- [main] com.sky.config.OssConfiguration          : 开始创建阿里云文件上传工具类对象：AliOssProperties(endpoint=oss-cn-beijing.aliyuncs.com, accessKeyId=LTAI5tPotBJYHsucMnkFvcXo, accessKeySecret=G4o32EFv61KoA2eb35Uvifx6udH6VJ, bucketName=sky-take-out-wb333)
15:17:07:998  INFO 16264 --- [main] com.sky.config.WebMvcConfiguration       : 扩展消息转换器...
15:17:08:004  INFO 16264 --- [main] com.sky.config.WebMvcConfiguration       : 开始设置静态资源映射...
15:17:09:072  INFO 16264 --- [main] com.alibaba.nacos.common.remote.client   : [RpcClientFactory] create a new rpc client of eddcebae-36f9-4f9a-bfd2-0e952fdaa67d
15:17:09:143  INFO 16264 --- [main] org.reflections.Reflections              : Reflections took 29 ms to scan 1 urls, producing 3 keys and 6 values 
15:17:09:165  INFO 16264 --- [main] org.reflections.Reflections              : Reflections took 5 ms to scan 1 urls, producing 4 keys and 9 values 
15:17:09:171  INFO 16264 --- [main] org.reflections.Reflections              : Reflections took 4 ms to scan 1 urls, producing 3 keys and 10 values 
15:17:09:173  WARN 16264 --- [main] org.reflections.Reflections              : given scan urls are empty. set urls in the configuration
15:17:09:177  INFO 16264 --- [main] org.reflections.Reflections              : Reflections took 4 ms to scan 1 urls, producing 1 keys and 5 values 
15:17:09:183  INFO 16264 --- [main] org.reflections.Reflections              : Reflections took 4 ms to scan 1 urls, producing 1 keys and 7 values 
15:17:09:189  INFO 16264 --- [main] org.reflections.Reflections              : Reflections took 5 ms to scan 1 urls, producing 2 keys and 8 values 
15:17:09:191  WARN 16264 --- [main] org.reflections.Reflections              : given scan urls are empty. set urls in the configuration
15:17:09:192  INFO 16264 --- [main] com.alibaba.nacos.common.remote.client   : [eddcebae-36f9-4f9a-bfd2-0e952fdaa67d] RpcClient init label, labels = {module=naming, source=sdk}
15:17:09:193  INFO 16264 --- [main] com.alibaba.nacos.common.remote.client   : [eddcebae-36f9-4f9a-bfd2-0e952fdaa67d] RpcClient init, ServerListFactory = com.alibaba.nacos.client.naming.core.ServerListManager
15:17:09:194  INFO 16264 --- [main] com.alibaba.nacos.common.remote.client   : [eddcebae-36f9-4f9a-bfd2-0e952fdaa67d] Registry connection listener to current client:com.alibaba.nacos.client.naming.remote.gprc.redo.NamingGrpcRedoService
15:17:09:194  INFO 16264 --- [main] com.alibaba.nacos.common.remote.client   : [eddcebae-36f9-4f9a-bfd2-0e952fdaa67d] Register server push request handler:com.alibaba.nacos.client.naming.remote.gprc.NamingPushRequestHandler
15:17:09:195  INFO 16264 --- [main] com.alibaba.nacos.common.remote.client   : [eddcebae-36f9-4f9a-bfd2-0e952fdaa67d] Try to connect to server on start up, server: {serverIp = '192.168.139.132', server main port = 8848}
15:17:10:561  INFO 16264 --- [main] com.alibaba.nacos.common.remote.client   : [eddcebae-36f9-4f9a-bfd2-0e952fdaa67d] Success to connect to server [192.168.139.132:8848] on start up, connectionId = 1739903264126_192.168.139.1_6713
15:17:10:565  INFO 16264 --- [main] com.alibaba.nacos.common.remote.client   : [eddcebae-36f9-4f9a-bfd2-0e952fdaa67d] Register server push request handler:com.alibaba.nacos.common.remote.client.RpcClient$ConnectResetRequestHandler
15:17:10:563  INFO 16264 --- [com.alibaba.nacos.client.remote.worker] com.alibaba.nacos.common.remote.client   : [eddcebae-36f9-4f9a-bfd2-0e952fdaa67d] Notify connected event to listeners.
15:17:10:567  INFO 16264 --- [main] com.alibaba.nacos.common.remote.client   : [eddcebae-36f9-4f9a-bfd2-0e952fdaa67d] Register server push request handler:com.alibaba.nacos.common.remote.client.RpcClient$$Lambda$1058/0x00000008008cbc40
15:17:10:668  INFO 16264 --- [main] o.s.b.w.embedded.tomcat.TomcatWebServer  : Tomcat started on port(s): 8081 (http) with context path ''
15:17:10:692  INFO 16264 --- [main] c.a.c.n.registry.NacosServiceRegistry    : nacos registry, DEFAULT_GROUP item-service 192.168.139.1:8081 register finished
15:17:11:090  INFO 16264 --- [main] com.sky.ItemApplication                  : Started ItemApplication in 8.849 seconds (JVM running for 9.929)
15:17:11:092  INFO 16264 --- [main] com.sky.ItemApplication                  : server started
15:17:11:159  INFO 16264 --- [nacos-grpc-client-executor-9] com.alibaba.nacos.common.remote.client   : [eddcebae-36f9-4f9a-bfd2-0e952fdaa67d] Receive server push request, request = NotifySubscriberRequest, requestId = 21
15:17:11:168  INFO 16264 --- [nacos-grpc-client-executor-9] com.alibaba.nacos.common.remote.client   : [eddcebae-36f9-4f9a-bfd2-0e952fdaa67d] Ack server push request, request = NotifySubscriberRequest, requestId = 21
15:18:19:910  WARN 16264 --- [Thread-7] c.a.n.common.http.HttpClientBeanHolder   : [HttpClientBeanHolder] Start destroying common HttpClient
15:18:19:910  WARN 16264 --- [Thread-4] c.a.nacos.common.notify.NotifyCenter     : [NotifyCenter] Start destroying Publisher
15:18:19:910  WARN 16264 --- [Thread-4] c.a.nacos.common.notify.NotifyCenter     : [NotifyCenter] Destruction of the end
15:18:19:912  WARN 16264 --- [Thread-7] c.a.n.common.http.HttpClientBeanHolder   : [HttpClientBeanHolder] Destruction of the end
15:18:20:069  INFO 16264 --- [SpringApplicationShutdownHook] c.a.c.n.registry.NacosServiceRegistry    : De-registering from Nacos Server now...
15:18:20:077  INFO 16264 --- [SpringApplicationShutdownHook] c.a.c.n.registry.NacosServiceRegistry    : De-registration finished.
15:18:20:406  INFO 16264 --- [SpringApplicationShutdownHook] com.alibaba.nacos.common.remote.client   : Shutdown rpc client, set status to shutdown
15:18:20:406  INFO 16264 --- [SpringApplicationShutdownHook] com.alibaba.nacos.common.remote.client   : Shutdown client event executor java.util.concurrent.ScheduledThreadPoolExecutor@7199f43a[Running, pool size = 2, active threads = 2, queued tasks = 0, completed tasks = 0]
15:18:20:406  INFO 16264 --- [SpringApplicationShutdownHook] com.alibaba.nacos.common.remote.client   : Close current connection 1739903264126_192.168.139.1_6713
15:18:20:413  INFO 16264 --- [SpringApplicationShutdownHook] c.a.n.c.remote.client.grpc.GrpcClient    : Shutdown grpc executor java.util.concurrent.ThreadPoolExecutor@6a7e9435[Running, pool size = 5, active threads = 0, queued tasks = 0, completed tasks = 29]
15:18:20:438  INFO 16264 --- [SpringApplicationShutdownHook] com.alibaba.druid.pool.DruidDataSource   : {dataSource-1} closing ...
15:18:20:439  INFO 16264 --- [SpringApplicationShutdownHook] com.alibaba.druid.pool.DruidDataSource   : {dataSource-1} closed
